{"/Users/ankur/Documents/expo-pro/my-app/App.js": {"path":"/Users/ankur/Documents/expo-pro/my-app/App.js","statementMap":{"0":{"start":{"line":12,"column":14},"end":{"line":12,"column":36}},"1":{"start":{"line":15,"column":2},"end":{"line":30,"column":3}}},"fnMap":{"0":{"name":"App","decl":{"start":{"line":14,"column":24},"end":{"line":14,"column":27}},"loc":{"start":{"line":14,"column":30},"end":{"line":31,"column":1}},"line":14}},"branchMap":{},"s":{"0":0,"1":0},"f":{"0":0},"b":{}}
,"/Users/ankur/Documents/expo-pro/my-app/src/components/BackButton.js": {"path":"/Users/ankur/Documents/expo-pro/my-app/src/components/BackButton.js","statementMap":{"0":{"start":{"line":6,"column":2},"end":{"line":13,"column":3}},"1":{"start":{"line":16,"column":15},"end":{"line":26,"column":2}}},"fnMap":{"0":{"name":"BackButton","decl":{"start":{"line":5,"column":24},"end":{"line":5,"column":34}},"loc":{"start":{"line":5,"column":47},"end":{"line":14,"column":1}},"line":5}},"branchMap":{},"s":{"0":0,"1":0},"f":{"0":0},"b":{}}
,"/Users/ankur/Documents/expo-pro/my-app/src/components/Background.js": {"path":"/Users/ankur/Documents/expo-pro/my-app/src/components/Background.js","statementMap":{"0":{"start":{"line":6,"column":2},"end":{"line":16,"column":3}},"1":{"start":{"line":19,"column":15},"end":{"line":34,"column":2}}},"fnMap":{"0":{"name":"Background","decl":{"start":{"line":5,"column":24},"end":{"line":5,"column":34}},"loc":{"start":{"line":5,"column":49},"end":{"line":17,"column":1}},"line":5}},"branchMap":{},"s":{"0":0,"1":0},"f":{"0":0},"b":{}}
,"/Users/ankur/Documents/expo-pro/my-app/src/components/Button.js": {"path":"/Users/ankur/Documents/expo-pro/my-app/src/components/Button.js","statementMap":{"0":{"start":{"line":7,"column":2},"end":{"line":18,"column":3}},"1":{"start":{"line":21,"column":15},"end":{"line":32,"column":2}}},"fnMap":{"0":{"name":"Button","decl":{"start":{"line":6,"column":24},"end":{"line":6,"column":30}},"loc":{"start":{"line":6,"column":58},"end":{"line":19,"column":1}},"line":6}},"branchMap":{"0":{"loc":{"start":{"line":11,"column":8},"end":{"line":11,"column":72}},"type":"binary-expr","locations":[{"start":{"line":11,"column":8},"end":{"line":11,"column":27}},{"start":{"line":11,"column":31},"end":{"line":11,"column":72}}],"line":11}},"s":{"0":0,"1":0},"f":{"0":0},"b":{"0":[0,0]}}
,"/Users/ankur/Documents/expo-pro/my-app/src/components/CustomCard.js": {"path":"/Users/ankur/Documents/expo-pro/my-app/src/components/CustomCard.js","statementMap":{"0":{"start":{"line":6,"column":19},"end":{"line":34,"column":1}},"1":{"start":{"line":7,"column":4},"end":{"line":33,"column":6}},"2":{"start":{"line":38,"column":15},"end":{"line":66,"column":2}}},"fnMap":{"0":{"name":"(anonymous_0)","decl":{"start":{"line":6,"column":19},"end":{"line":6,"column":20}},"loc":{"start":{"line":6,"column":64},"end":{"line":34,"column":1}},"line":6}},"branchMap":{"0":{"loc":{"start":{"line":10,"column":16},"end":{"line":15,"column":24}},"type":"cond-expr","locations":[{"start":{"line":11,"column":20},"end":{"line":14,"column":27}},{"start":{"line":15,"column":20},"end":{"line":15,"column":24}}],"line":10},"1":{"loc":{"start":{"line":18,"column":16},"end":{"line":26,"column":24}},"type":"cond-expr","locations":[{"start":{"line":19,"column":20},"end":{"line":25,"column":27}},{"start":{"line":26,"column":20},"end":{"line":26,"column":24}}],"line":18}},"s":{"0":0,"1":0,"2":0},"f":{"0":0},"b":{"0":[0,0],"1":[0,0]}}
,"/Users/ankur/Documents/expo-pro/my-app/src/components/Header.js": {"path":"/Users/ankur/Documents/expo-pro/my-app/src/components/Header.js","statementMap":{"0":{"start":{"line":7,"column":2},"end":{"line":7,"column":50}},"1":{"start":{"line":10,"column":15},"end":{"line":17,"column":2}}},"fnMap":{"0":{"name":"Header","decl":{"start":{"line":6,"column":24},"end":{"line":6,"column":30}},"loc":{"start":{"line":6,"column":38},"end":{"line":8,"column":1}},"line":6}},"branchMap":{},"s":{"0":0,"1":0},"f":{"0":0},"b":{}}
,"/Users/ankur/Documents/expo-pro/my-app/src/components/LoadingComp.js": {"path":"/Users/ankur/Documents/expo-pro/my-app/src/components/LoadingComp.js","statementMap":{"0":{"start":{"line":6,"column":20},"end":{"line":16,"column":1}},"1":{"start":{"line":7,"column":4},"end":{"line":15,"column":21}}},"fnMap":{"0":{"name":"(anonymous_0)","decl":{"start":{"line":6,"column":20},"end":{"line":6,"column":21}},"loc":{"start":{"line":7,"column":4},"end":{"line":15,"column":21}},"line":7}},"branchMap":{"0":{"loc":{"start":{"line":9,"column":12},"end":{"line":13,"column":20}},"type":"cond-expr","locations":[{"start":{"line":10,"column":16},"end":{"line":12,"column":23}},{"start":{"line":13,"column":16},"end":{"line":13,"column":20}}],"line":9}},"s":{"0":0,"1":0},"f":{"0":0},"b":{"0":[0,0]}}
,"/Users/ankur/Documents/expo-pro/my-app/src/components/Logo.js": {"path":"/Users/ankur/Documents/expo-pro/my-app/src/components/Logo.js","statementMap":{"0":{"start":{"line":5,"column":2},"end":{"line":5,"column":81}},"1":{"start":{"line":8,"column":15},"end":{"line":14,"column":2}}},"fnMap":{"0":{"name":"Logo","decl":{"start":{"line":4,"column":24},"end":{"line":4,"column":28}},"loc":{"start":{"line":4,"column":31},"end":{"line":6,"column":1}},"line":4}},"branchMap":{},"s":{"0":0,"1":0},"f":{"0":0},"b":{}}
,"/Users/ankur/Documents/expo-pro/my-app/src/components/Paragraph.js": {"path":"/Users/ankur/Documents/expo-pro/my-app/src/components/Paragraph.js","statementMap":{"0":{"start":{"line":6,"column":2},"end":{"line":6,"column":48}},"1":{"start":{"line":9,"column":15},"end":{"line":16,"column":2}}},"fnMap":{"0":{"name":"Paragraph","decl":{"start":{"line":5,"column":24},"end":{"line":5,"column":33}},"loc":{"start":{"line":5,"column":41},"end":{"line":7,"column":1}},"line":5}},"branchMap":{},"s":{"0":0,"1":0},"f":{"0":0},"b":{}}
,"/Users/ankur/Documents/expo-pro/my-app/src/components/TextInput.js": {"path":"/Users/ankur/Documents/expo-pro/my-app/src/components/TextInput.js","statementMap":{"0":{"start":{"line":7,"column":2},"end":{"line":21,"column":3}},"1":{"start":{"line":24,"column":15},"end":{"line":42,"column":2}}},"fnMap":{"0":{"name":"TextInput","decl":{"start":{"line":6,"column":24},"end":{"line":6,"column":33}},"loc":{"start":{"line":6,"column":72},"end":{"line":22,"column":1}},"line":6}},"branchMap":{"0":{"loc":{"start":{"line":16,"column":7},"end":{"line":18,"column":14}},"type":"cond-expr","locations":[{"start":{"line":17,"column":8},"end":{"line":17,"column":61}},{"start":{"line":18,"column":10},"end":{"line":18,"column":14}}],"line":16},"1":{"loc":{"start":{"line":16,"column":7},"end":{"line":16,"column":32}},"type":"binary-expr","locations":[{"start":{"line":16,"column":7},"end":{"line":16,"column":18}},{"start":{"line":16,"column":22},"end":{"line":16,"column":32}}],"line":16},"2":{"loc":{"start":{"line":19,"column":7},"end":{"line":19,"column":71}},"type":"cond-expr","locations":[{"start":{"line":19,"column":19},"end":{"line":19,"column":64}},{"start":{"line":19,"column":67},"end":{"line":19,"column":71}}],"line":19}},"s":{"0":0,"1":0},"f":{"0":0},"b":{"0":[0,0],"1":[0,0],"2":[0,0]}}
,"/Users/ankur/Documents/expo-pro/my-app/src/components/index.js": {"path":"/Users/ankur/Documents/expo-pro/my-app/src/components/index.js","statementMap":{},"fnMap":{},"branchMap":{},"s":{},"f":{},"b":{}}
,"/Users/ankur/Documents/expo-pro/my-app/src/core/theme.js": {"path":"/Users/ankur/Documents/expo-pro/my-app/src/core/theme.js","statementMap":{"0":{"start":{"line":3,"column":21},"end":{"line":12,"column":1}}},"fnMap":{},"branchMap":{},"s":{"0":0},"f":{},"b":{}}
,"/Users/ankur/Documents/expo-pro/my-app/src/helpers/emailValidator.js": {"path":"/Users/ankur/Documents/expo-pro/my-app/src/helpers/emailValidator.js","statementMap":{"0":{"start":{"line":2,"column":15},"end":{"line":2,"column":29}},"1":{"start":{"line":3,"column":4},"end":{"line":3,"column":51}},"2":{"start":{"line":3,"column":16},"end":{"line":3,"column":51}},"3":{"start":{"line":4,"column":4},"end":{"line":4,"column":69}},"4":{"start":{"line":4,"column":25},"end":{"line":4,"column":69}},"5":{"start":{"line":5,"column":4},"end":{"line":5,"column":13}}},"fnMap":{"0":{"name":"emailValidator","decl":{"start":{"line":1,"column":16},"end":{"line":1,"column":30}},"loc":{"start":{"line":1,"column":38},"end":{"line":6,"column":3}},"line":1}},"branchMap":{"0":{"loc":{"start":{"line":3,"column":4},"end":{"line":3,"column":51}},"type":"if","locations":[{"start":{"line":3,"column":4},"end":{"line":3,"column":51}},{"start":{},"end":{}}],"line":3},"1":{"loc":{"start":{"line":4,"column":4},"end":{"line":4,"column":69}},"type":"if","locations":[{"start":{"line":4,"column":4},"end":{"line":4,"column":69}},{"start":{},"end":{}}],"line":4}},"s":{"0":0,"1":0,"2":0,"3":0,"4":0,"5":0},"f":{"0":0},"b":{"0":[0,0],"1":[0,0]}}
,"/Users/ankur/Documents/expo-pro/my-app/src/helpers/nameValidator.js": {"path":"/Users/ankur/Documents/expo-pro/my-app/src/helpers/nameValidator.js","statementMap":{"0":{"start":{"line":2,"column":4},"end":{"line":2,"column":50}},"1":{"start":{"line":2,"column":15},"end":{"line":2,"column":50}},"2":{"start":{"line":3,"column":4},"end":{"line":3,"column":13}}},"fnMap":{"0":{"name":"nameValidator","decl":{"start":{"line":1,"column":16},"end":{"line":1,"column":29}},"loc":{"start":{"line":1,"column":36},"end":{"line":4,"column":3}},"line":1}},"branchMap":{"0":{"loc":{"start":{"line":2,"column":4},"end":{"line":2,"column":50}},"type":"if","locations":[{"start":{"line":2,"column":4},"end":{"line":2,"column":50}},{"start":{},"end":{}}],"line":2}},"s":{"0":0,"1":0,"2":0},"f":{"0":0},"b":{"0":[0,0]}}
,"/Users/ankur/Documents/expo-pro/my-app/src/helpers/passwordValidator.js": {"path":"/Users/ankur/Documents/expo-pro/my-app/src/helpers/passwordValidator.js","statementMap":{"0":{"start":{"line":2,"column":4},"end":{"line":2,"column":54}},"1":{"start":{"line":2,"column":19},"end":{"line":2,"column":54}},"2":{"start":{"line":3,"column":4},"end":{"line":3,"column":84}},"3":{"start":{"line":3,"column":29},"end":{"line":3,"column":84}},"4":{"start":{"line":4,"column":4},"end":{"line":4,"column":13}}},"fnMap":{"0":{"name":"passwordValidator","decl":{"start":{"line":1,"column":16},"end":{"line":1,"column":33}},"loc":{"start":{"line":1,"column":44},"end":{"line":5,"column":3}},"line":1}},"branchMap":{"0":{"loc":{"start":{"line":2,"column":4},"end":{"line":2,"column":54}},"type":"if","locations":[{"start":{"line":2,"column":4},"end":{"line":2,"column":54}},{"start":{},"end":{}}],"line":2},"1":{"loc":{"start":{"line":3,"column":4},"end":{"line":3,"column":84}},"type":"if","locations":[{"start":{"line":3,"column":4},"end":{"line":3,"column":84}},{"start":{},"end":{}}],"line":3}},"s":{"0":0,"1":0,"2":0,"3":0,"4":0},"f":{"0":0},"b":{"0":[0,0],"1":[0,0]}}
,"/Users/ankur/Documents/expo-pro/my-app/src/screens/Dashboard.js": {"path":"/Users/ankur/Documents/expo-pro/my-app/src/screens/Dashboard.js","statementMap":{"0":{"start":{"line":6,"column":18},"end":{"line":56,"column":1}},"1":{"start":{"line":7,"column":26},"end":{"line":7,"column":44}},"2":{"start":{"line":8,"column":32},"end":{"line":8,"column":53}},"3":{"start":{"line":10,"column":19},"end":{"line":19,"column":3}},"4":{"start":{"line":11,"column":4},"end":{"line":11,"column":20}},"5":{"start":{"line":12,"column":16},"end":{"line":12,"column":60}},"6":{"start":{"line":13,"column":21},"end":{"line":13,"column":37}},"7":{"start":{"line":14,"column":19},"end":{"line":14,"column":40}},"8":{"start":{"line":15,"column":4},"end":{"line":15,"column":19}},"9":{"start":{"line":16,"column":4},"end":{"line":18,"column":13}},"10":{"start":{"line":17,"column":6},"end":{"line":17,"column":23}},"11":{"start":{"line":21,"column":2},"end":{"line":23,"column":8}},"12":{"start":{"line":22,"column":4},"end":{"line":22,"column":14}},"13":{"start":{"line":25,"column":26},"end":{"line":30,"column":3}},"14":{"start":{"line":27,"column":4},"end":{"line":29,"column":6}},"15":{"start":{"line":32,"column":21},"end":{"line":41,"column":3}},"16":{"start":{"line":33,"column":4},"end":{"line":40,"column":11}},"17":{"start":{"line":38,"column":23},"end":{"line":38,"column":44}},"18":{"start":{"line":43,"column":2},"end":{"line":55,"column":3}},"19":{"start":{"line":49,"column":36},"end":{"line":49,"column":52}},"20":{"start":{"line":50,"column":32},"end":{"line":50,"column":39}},"21":{"start":{"line":60,"column":15},"end":{"line":77,"column":2}}},"fnMap":{"0":{"name":"(anonymous_0)","decl":{"start":{"line":6,"column":18},"end":{"line":6,"column":19}},"loc":{"start":{"line":6,"column":38},"end":{"line":56,"column":1}},"line":6},"1":{"name":"(anonymous_1)","decl":{"start":{"line":10,"column":19},"end":{"line":10,"column":20}},"loc":{"start":{"line":10,"column":31},"end":{"line":19,"column":3}},"line":10},"2":{"name":"(anonymous_2)","decl":{"start":{"line":16,"column":15},"end":{"line":16,"column":16}},"loc":{"start":{"line":16,"column":21},"end":{"line":18,"column":5}},"line":16},"3":{"name":"(anonymous_3)","decl":{"start":{"line":21,"column":12},"end":{"line":21,"column":13}},"loc":{"start":{"line":21,"column":18},"end":{"line":23,"column":3}},"line":21},"4":{"name":"(anonymous_4)","decl":{"start":{"line":25,"column":26},"end":{"line":25,"column":27}},"loc":{"start":{"line":25,"column":36},"end":{"line":30,"column":3}},"line":25},"5":{"name":"(anonymous_5)","decl":{"start":{"line":32,"column":21},"end":{"line":32,"column":22}},"loc":{"start":{"line":33,"column":4},"end":{"line":40,"column":11}},"line":33},"6":{"name":"(anonymous_6)","decl":{"start":{"line":38,"column":17},"end":{"line":38,"column":18}},"loc":{"start":{"line":38,"column":23},"end":{"line":38,"column":44}},"line":38},"7":{"name":"(anonymous_7)","decl":{"start":{"line":49,"column":22},"end":{"line":49,"column":23}},"loc":{"start":{"line":49,"column":36},"end":{"line":49,"column":52}},"line":49},"8":{"name":"(anonymous_8)","decl":{"start":{"line":50,"column":24},"end":{"line":50,"column":25}},"loc":{"start":{"line":50,"column":32},"end":{"line":50,"column":39}},"line":50}},"branchMap":{},"s":{"0":0,"1":0,"2":0,"3":0,"4":0,"5":0,"6":0,"7":0,"8":0,"9":0,"10":0,"11":0,"12":0,"13":0,"14":0,"15":0,"16":0,"17":0,"18":0,"19":0,"20":0,"21":0},"f":{"0":0,"1":0,"2":0,"3":0,"4":0,"5":0,"6":0,"7":0,"8":0},"b":{}}
,"/Users/ankur/Documents/expo-pro/my-app/src/screens/LoginScreen.js": {"path":"/Users/ankur/Documents/expo-pro/my-app/src/screens/LoginScreen.js","statementMap":{"0":{"start":{"line":15,"column":28},"end":{"line":15,"column":77}},"1":{"start":{"line":16,"column":34},"end":{"line":16,"column":76}},"2":{"start":{"line":18,"column":25},"end":{"line":31,"column":3}},"3":{"start":{"line":19,"column":23},"end":{"line":19,"column":50}},"4":{"start":{"line":20,"column":26},"end":{"line":20,"column":59}},"5":{"start":{"line":21,"column":4},"end":{"line":25,"column":5}},"6":{"start":{"line":22,"column":6},"end":{"line":22,"column":47}},"7":{"start":{"line":23,"column":6},"end":{"line":23,"column":56}},"8":{"start":{"line":24,"column":6},"end":{"line":24,"column":12}},"9":{"start":{"line":26,"column":4},"end":{"line":26,"column":45}},"10":{"start":{"line":27,"column":4},"end":{"line":30,"column":6}},"11":{"start":{"line":33,"column":20},"end":{"line":35,"column":3}},"12":{"start":{"line":34,"column":4},"end":{"line":34,"column":32}},"13":{"start":{"line":37,"column":2},"end":{"line":82,"column":3}},"14":{"start":{"line":46,"column":32},"end":{"line":46,"column":68}},"15":{"start":{"line":58,"column":32},"end":{"line":58,"column":71}},"16":{"start":{"line":65,"column":25},"end":{"line":65,"column":67}},"17":{"start":{"line":77,"column":39},"end":{"line":77,"column":75}},"18":{"start":{"line":85,"column":15},"end":{"line":103,"column":2}}},"fnMap":{"0":{"name":"LoginScreen","decl":{"start":{"line":14,"column":24},"end":{"line":14,"column":35}},"loc":{"start":{"line":14,"column":52},"end":{"line":83,"column":1}},"line":14},"1":{"name":"(anonymous_1)","decl":{"start":{"line":18,"column":25},"end":{"line":18,"column":26}},"loc":{"start":{"line":18,"column":31},"end":{"line":31,"column":3}},"line":18},"2":{"name":"(anonymous_2)","decl":{"start":{"line":33,"column":20},"end":{"line":33,"column":21}},"loc":{"start":{"line":33,"column":40},"end":{"line":35,"column":3}},"line":33},"3":{"name":"(anonymous_3)","decl":{"start":{"line":46,"column":22},"end":{"line":46,"column":23}},"loc":{"start":{"line":46,"column":32},"end":{"line":46,"column":68}},"line":46},"4":{"name":"(anonymous_4)","decl":{"start":{"line":58,"column":22},"end":{"line":58,"column":23}},"loc":{"start":{"line":58,"column":32},"end":{"line":58,"column":71}},"line":58},"5":{"name":"(anonymous_5)","decl":{"start":{"line":65,"column":19},"end":{"line":65,"column":20}},"loc":{"start":{"line":65,"column":25},"end":{"line":65,"column":67}},"line":65},"6":{"name":"(anonymous_6)","decl":{"start":{"line":77,"column":33},"end":{"line":77,"column":34}},"loc":{"start":{"line":77,"column":39},"end":{"line":77,"column":75}},"line":77}},"branchMap":{"0":{"loc":{"start":{"line":21,"column":4},"end":{"line":25,"column":5}},"type":"if","locations":[{"start":{"line":21,"column":4},"end":{"line":25,"column":5}},{"start":{},"end":{}}],"line":21},"1":{"loc":{"start":{"line":21,"column":8},"end":{"line":21,"column":35}},"type":"binary-expr","locations":[{"start":{"line":21,"column":8},"end":{"line":21,"column":18}},{"start":{"line":21,"column":22},"end":{"line":21,"column":35}}],"line":21}},"s":{"0":0,"1":0,"2":0,"3":0,"4":0,"5":0,"6":0,"7":0,"8":0,"9":0,"10":0,"11":0,"12":0,"13":0,"14":0,"15":0,"16":0,"17":0,"18":0},"f":{"0":0,"1":0,"2":0,"3":0,"4":0,"5":0,"6":0},"b":{"0":[0,0],"1":[0,0]}}
,"/Users/ankur/Documents/expo-pro/my-app/src/screens/PostDetails.js": {"path":"/Users/ankur/Documents/expo-pro/my-app/src/screens/PostDetails.js","statementMap":{"0":{"start":{"line":6,"column":20},"end":{"line":41,"column":1}},"1":{"start":{"line":7,"column":40},"end":{"line":7,"column":58}},"2":{"start":{"line":8,"column":34},"end":{"line":8,"column":55}},"3":{"start":{"line":9,"column":23},"end":{"line":9,"column":36}},"4":{"start":{"line":11,"column":26},"end":{"line":20,"column":5}},"5":{"start":{"line":12,"column":8},"end":{"line":12,"column":24}},"6":{"start":{"line":13,"column":20},"end":{"line":13,"column":74}},"7":{"start":{"line":14,"column":25},"end":{"line":14,"column":41}},"8":{"start":{"line":15,"column":23},"end":{"line":15,"column":44}},"9":{"start":{"line":16,"column":8},"end":{"line":16,"column":29}},"10":{"start":{"line":17,"column":8},"end":{"line":19,"column":17}},"11":{"start":{"line":18,"column":12},"end":{"line":18,"column":29}},"12":{"start":{"line":22,"column":4},"end":{"line":24,"column":10}},"13":{"start":{"line":23,"column":8},"end":{"line":23,"column":23}},"14":{"start":{"line":26,"column":40},"end":{"line":26,"column":50}},"15":{"start":{"line":28,"column":4},"end":{"line":40,"column":5}},"16":{"start":{"line":45,"column":15},"end":{"line":58,"column":2}}},"fnMap":{"0":{"name":"(anonymous_0)","decl":{"start":{"line":6,"column":20},"end":{"line":6,"column":21}},"loc":{"start":{"line":6,"column":35},"end":{"line":41,"column":1}},"line":6},"1":{"name":"(anonymous_1)","decl":{"start":{"line":11,"column":26},"end":{"line":11,"column":27}},"loc":{"start":{"line":11,"column":38},"end":{"line":20,"column":5}},"line":11},"2":{"name":"(anonymous_2)","decl":{"start":{"line":17,"column":19},"end":{"line":17,"column":20}},"loc":{"start":{"line":17,"column":25},"end":{"line":19,"column":9}},"line":17},"3":{"name":"(anonymous_3)","decl":{"start":{"line":22,"column":14},"end":{"line":22,"column":15}},"loc":{"start":{"line":22,"column":20},"end":{"line":24,"column":5}},"line":22}},"branchMap":{},"s":{"0":0,"1":0,"2":0,"3":0,"4":0,"5":0,"6":0,"7":0,"8":0,"9":0,"10":0,"11":0,"12":0,"13":0,"14":0,"15":0,"16":0},"f":{"0":0,"1":0,"2":0,"3":0},"b":{}}
,"/Users/ankur/Documents/expo-pro/my-app/src/screens/index.js": {"path":"/Users/ankur/Documents/expo-pro/my-app/src/screens/index.js","statementMap":{},"fnMap":{},"branchMap":{},"s":{},"f":{},"b":{}}
}
